<?xml version="1.0" encoding="UTF-8"?>
<testsuite xmlns:xsi="http://www.w3.org/2001/XMLSchema-instance" xsi:noNamespaceSchemaLocation="https://maven.apache.org/surefire/maven-surefire-plugin/xsd/surefire-test-report-3.0.xsd" version="3.0" name="nz.ac.vuw.swen326.aebs.core.AebsSensorDataTest" time="3.028" tests="8" errors="0" skipped="0" failures="0">
  <properties>
[...]
</properties>
  <testcase name="testCameraUpdateRate" classname="nz.ac.vuw.swen326.aebs.core.AebsSensorDataTest" time="1.015"/>
  <testcase name="testWheelUpdateRate" classname="nz.ac.vuw.swen326.aebs.core.AebsSensorDataTest" time="1.001"/>
  <testcase name="testRadarDataCollection" classname="nz.ac.vuw.swen326.aebs.core.AebsSensorDataTest" time="0.001"/>
  <testcase name="testCameraClassification" classname="nz.ac.vuw.swen326.aebs.core.AebsSensorDataTest" time="0.001"/>
  <testcase name="testWheelDataFormat" classname="nz.ac.vuw.swen326.aebs.core.AebsSensorDataTest" time="0.001"/>
  <testcase name="testRadarUpdateRate" classname="nz.ac.vuw.swen326.aebs.core.AebsSensorDataTest" time="1.005"/>
  <testcase name="testRadarFormatting" classname="nz.ac.vuw.swen326.aebs.core.AebsSensorDataTest" time="0.002"/>
  <testcase name="testWheelRotationalSpeed" classname="nz.ac.vuw.swen326.aebs.core.AebsSensorDataTest" time="0.0"/>
</testsuite>